<?xml version="1.0" encoding="UTF-8"?>
<testsuite name="com.training.springcore.BigCorpApplicationTest" tests="1" skipped="0" failures="0" errors="0" timestamp="2019-03-08T10:21:54" hostname="DESKTOP-736MCPB" time="0.586">
  <properties/>
  <testcase name="run" classname="com.training.springcore.BigCorpApplicationTest" time="0.586"/>
  <system-out><![CDATA[Application startup
Site{id='siteA', name='Florange', captors=[Captor{id='23aa7e47-88c6-4795-ba78-910bfe0255ab', name='Capteur A'}]}
]]></system-out>
  <system-err><![CDATA[mars 08, 2019 11:21:54 AM org.springframework.context.support.AbstractApplicationContext prepareRefresh
INFOS: Refreshing org.springframework.context.support.ClassPathXmlApplicationContext@6af6f2e9: startup date [Fri Mar 08 11:21:54 CET 2019]; root of context hierarchy
mars 08, 2019 11:21:55 AM org.springframework.beans.factory.xml.XmlBeanDefinitionReader loadBeanDefinitions
INFOS: Loading XML bean definitions from class path resource [beans.xml]
]]></system-err>
</testsuite>
